<?xml version="1.0" encoding="UTF-8"?>
<testng-results ignored="0" total="1" passed="1" failed="0" skipped="0">
  <reporter-output>
  </reporter-output>
  <suite started-at="2022-11-25T17:22:14 IST" name="Default suite" finished-at="2022-11-25T17:26:20 IST" duration-ms="245118">
    <groups>
    </groups>
    <test started-at="2022-11-25T17:22:14 IST" name="Default test" finished-at="2022-11-25T17:26:20 IST" duration-ms="245118">
      <class name="com.whitemastery.AddCategory">
        <test-method signature="categoryAdding()[pri:0, instance:com.whitemastery.AddCategory@e15b7e8]" started-at="2022-11-25T17:22:15 IST" name="categoryAdding" finished-at="2022-11-25T17:26:20 IST" duration-ms="244981" status="PASS">
          <reporter-output>
          </reporter-output>
        </test-method> <!-- categoryAdding -->
      </class> <!-- com.whitemastery.AddCategory -->
    </test> <!-- Default test -->
  </suite> <!-- Default suite -->
</testng-results>
